IQ-TREE multicore version 2.2.0.3 COVID-edition for Linux 64-bit built Aug  2 2022
Developed by Bui Quang Minh, James Barbetti, Nguyen Lam Tung,
Olga Chernomor, Heiko Schmidt, Dominik Schrempf, Michael Woodhams, Ly Trong Nhan.

Host:    bi-bejasrv-lin (AVX2, FMA3, 251 GB RAM)
Command: iqtree2 -seed 123 -s analysis/fun/trimal.fasta -B 1000 -T 4 --prefix analysis/fun/iqtree -redo
Seed:    123 (Using SPRNG - Scalable Parallel Random Number Generator)
Time:    Mon Apr  3 12:49:20 2023
Kernel:  AVX+FMA - 4 threads (64 CPU cores detected)

Reading alignment file analysis/fun/trimal.fasta ... Fasta format detected
Reading fasta file: done in 0.00077337 secs using 99.95% CPU
Alignment most likely contains protein sequences
Constructing alignment: done in 0.000548631 secs using 99.88% CPU
Alignment has 146 sequences with 283 columns, 283 distinct patterns
280 parsimony-informative, 0 singleton sites, 3 constant sites
                                             Gap/Ambiguity  Composition  p-value
Analyzing sequences: done in 4.96954e-05 secs using 2278% CPU
   1  1KP_IAYV_2004853.p1                           14.49%    passed     35.70%
   2  APZ76714.1                                    14.49%    passed     50.73%
   3  APZ76718.1                                    14.49%    passed     97.66%
   4  APZ76716.1                                    14.49%    passed     92.99%
   5  APZ76715.1                                    14.49%    passed     70.26%
   6  MMETSP1389_DN25105_c0_g1_i1.p1                14.49%    passed     69.07%
   7  MMETSP0799_DN39902_c0_g2_i1.p1                14.13%    passed     13.29%
   8  MMETSP0484_DN29973_c8_g1_i1.p1                14.49%    passed     97.92%
   9  MMETSP1047_DN18103_c0_g2_i1.p1                15.19%    passed     98.49%
  10  MMETSP0046_DN13003_c0_g1_i1.p1                14.49%    passed     81.76%
  11  MMETSP0046_DN10376_c1_g1_i1.p1                14.49%    passed     83.19%
  12  APZ76704.1                                    14.49%    passed     56.33%
  13  MMETSP0799_DN40362_c7_g1_i1.p1                14.49%    passed     74.30%
  14  1KP_IAYV_2007142.p1                           14.84%    passed     86.26%
  15  MMETSP1101_DN50558_c0_g1_i1.p1                14.49%    passed     20.23%
  16  MMETSP1049_DN22488_c4_g1_i1.p1                15.55%    passed     97.75%
  17  MMETSP1047_DN29475_c0_g2_i1.p1                14.49%    passed     40.46%
  18  MMETSP0987_DN28469_c9_g1_i1.p1                14.49%    passed     75.52%
  19  APZ76721.1                                    14.49%    passed     63.54%
  20  1KP_IRZA_2060620.p1                           14.49%    passed     95.30%
  21  MMETSP1049_DN21151_c0_g1_i1.p1                14.49%    passed     55.58%
  22  ARQ20888.1                                    12.72%    passed     66.13%
  23  MMETSP1047_DN14417_c0_g1_i1.p1                13.43%    passed     44.12%
  24  MMETSP1101_DN40913_c1_g1_i1.p1                 9.19%    passed     23.21%
  25  1KP_IRZA_2061044.p1                            9.19%    passed     22.27%
  26  MMETSP0484_DN35984_c0_g1_i1.p1                 9.19%    passed     81.42%
  27  MMETSP1101_DN47309_c0_g1_i1.p1                 9.19%    passed     63.07%
  28  1KP_IRZA_2001844.p1                            9.19%    passed     39.13%
  29  ANC73520.1                                    12.37%    passed     94.87%
  30  ANC73518.1                                    12.37%    passed     47.54%
  31  MMETSP1049_DN21729_c0_g1_i1.p1                 9.54%    passed     28.49%
  32  MMETSP0046_DN3238_c0_g2_i1.p1                 12.72%    passed     63.14%
  33  1KP_IRZA_2004242.p1                           12.72%    passed     92.57%
  34  MMETSP0798_DN40329_c0_g1_i1.p1                12.72%    passed     38.69%
  35  MMETSP1101_DN48877_c0_g1_i1.p1                12.72%    passed     60.80%
  36  1KP_GFUR_2000556.p1                           14.84%    passed     85.84%
  37  1KP_GUBD_2007608.p1                           14.84%    passed     47.15%
  38  AEY68833.1                                    14.84%    passed     81.29%
  39  AHH02107.1                                    14.84%    passed     94.05%
  40  ABZ90902.1                                    14.84%    passed     86.84%
  41  AAM44040.1                                    14.84%    passed     89.24%
  42  ABZ90901.1                                    14.84%    passed     78.43%
  43  AAM44039.1                                    14.84%    passed     77.24%
  44  1KP_USIX_2008230.p1                           14.84%    passed     46.21%
  45  1KP_GUBD_2050375.p1                           14.84%    failed      0.38%
  46  1KP_ZLQE_2008018.p1                           14.84%    passed     79.90%
  47  AHH02125.1                                    14.84%    passed     71.13%
  48  GAX82612.1                                    14.84%    passed     19.98%
  49  1KP_VALZ_2006701.p1                           14.84%    passed     21.59%
  50  1KP_JMUI_2054714.p1                           14.84%    failed      0.59%
  51  AHH02128.1                                    14.84%    passed     22.17%
  52  1KP_VALZ_2008404.p1                           14.84%    passed     39.76%
  53  AER58217.1                                    14.84%    passed     52.94%
  54  AER58220.1                                    14.84%    passed     45.18%
  55  1KP_DUMA_2001575.p1                           14.84%    passed     92.62%
  56  MMETSP0818_DN14453_c2_g2_i1.p1                14.84%    passed     89.99%
  57  AHH02147.1                                    14.49%    passed     82.53%
  58  AGF84747.1                                    14.84%    passed     85.38%
  59  MMETSP0491_DN14406_c0_g1_i1.p1                14.84%    passed     38.38%
  60  1KP_DXNY_2004539.p1                           14.84%    passed     64.99%
  61  1KP_FMVB_2009447.p1                           14.84%    passed     41.40%
  62  AHH02142.1                                    16.25%    passed     81.62%
  63  AHH02118.1                                    14.84%    passed     94.22%
  64  AEI83869.1                                    15.90%    passed     95.90%
  65  GAQ79757.1                                    16.25%    failed      1.18%
  66  GBG24568.1                                    13.78%    passed     21.50%
  67  BGKB01000037.1_gmes_12505                     13.78%    passed     27.86%
  68  MUFY01006470.1_gmes_9183                      13.78%    passed     68.84%
  69  JGI_Aurli1_fgenesh1_pg.12__284                13.78%    passed     77.35%
  70  JGI_Aurli1_fgenesh1_pg.12__285                14.13%    passed     75.60%
  71  JGI_Aurli1_estExt_Genemark1.C_1_t20010        15.55%    passed     67.53%
  72  QCW06522.1                                    13.78%    passed     70.64%
  73  QCW06521.1                                    13.78%    passed     77.81%
  74  QCW06523.1                                    13.78%    passed     70.32%
  75  QCW06519.1                                    16.25%    passed     81.20%
  76  QCW06524.1                                    18.37%    passed     85.46%
  77  QCW06525.1                                    18.37%    passed     69.55%
  78  QCW06520.1                                    18.37%    passed     11.67%
  79  CYMBO-Kim_comp45579_c0_seq1.p1                16.25%    passed     55.02%
  80  1KP_VALZ_2004172.p1                           15.19%    passed     12.10%
  81  1KP_VALZ_2053960.p1                           15.19%    passed     15.61%
  82  1KP_TSBQ_2014336.p1                           15.19%    passed     37.00%
  83  1KP_QXSZ_2009460.p1                           16.25%    passed     25.30%
  84  MMETSP0803_DN12319_c0_g1_i1.p1                16.25%    failed      2.26%
  85  JGI_Phaglo1_gene_20797                        17.31%    passed     49.60%
  86  JGI_Phaant1_Phant.0016s0461.1                 17.31%    passed     74.93%
  87  JGI_Phaglo1_gene_5444                         17.31%    passed     23.34%
  88  JGI_Phaant1_Phant.0011s0329.1                 15.55%    passed     59.50%
  89  JGI_Phaant1_Phant.0060s0074.1                 17.31%    passed     90.00%
  90  JGI_Phaant1_Phant.0066s0015.1                 18.37%    passed     48.20%
  91  MMETSP1169_DN4941_c0_g2_i1.p2                 15.55%    passed     22.57%
  92  MMETSP1445_DN18775_c1_g1_i2.p1                15.55%    passed     83.28%
  93  SAMEA2620979_21821_0080                       16.61%    passed      8.98%
  94  SAMEA2623079_2164382_0040                     16.25%    passed     26.69%
  95  KAA0154771.1                                  15.19%    failed      1.27%
  96  KAA0157245.1                                  16.25%    passed     12.98%
  97  OLP80175.1                                    15.19%    passed     73.71%
  98  APZ76717.1                                    14.49%    passed     47.38%
  99  AXB27143.1                                    14.49%    passed     40.74%
 100  AXB27145.1                                    14.84%    passed     22.98%
 101  JGI_Schag1_fgenesh1_pg.3_476                  14.84%    passed     17.17%
 102  QJF54428.1                                    14.84%    passed     70.77%
 103  JAHBMJ010002964.1_gmes_27659_g                12.01%    passed     97.12%
 104  JAHBMJ010003443.1_gmes_22478_g.2              11.66%    passed     98.63%
 105  FLMG01002189.1_ChR3                           14.49%    passed      8.23%
 106  FLMG01001065.1_ChR1                           15.19%    passed     31.39%
 107  FLMG01001065.1_ChR2                           15.19%    passed     28.15%
 108  AGF84748.1                                    14.84%    passed     46.74%
 109  QIU80783.1                                     9.19%    passed     39.84%
 110  QIU80788.1                                    12.37%    passed     65.92%
 111  QIU80800.1                                     9.19%    passed     12.98%
 112  Ga0055584_1003083501                          13.78%    passed     83.22%
 113  Ga0063098_10226011                            17.31%    passed     48.14%
 114  Ga0063871_10439791                            16.96%    passed     47.81%
 115  Ga0192956_10457571                            15.19%    passed     82.51%
 116  Ga0192977_10057831                            19.79%    passed     11.22%
 117  QXN54385.1                                    20.49%    passed     89.50%
 118  QXN54386.1                                    17.31%    passed     90.26%
 119  KAA0176570.1                                  18.02%    passed     36.19%
 120  QXN54390.1                                    15.19%    passed     51.39%
 121  QXN54391.1                                    14.49%    passed     81.96%
 122  QXN54392.1                                    14.49%    passed     96.43%
 123  QXN54394.1                                    14.49%    passed     77.79%
 124  QXN54395.1                                    14.49%    passed     61.90%
 125  QXN54396.1                                    14.84%    passed     95.60%
 126  QXN54397.1                                    14.49%    passed     40.44%
 127  QXN54398.1                                    14.49%    passed     42.47%
 128  QXN54400.1                                    14.49%    passed     75.60%
 129  QXN54401.1                                    14.49%    passed     34.33%
 130  QXN54402.1                                    14.49%    failed      2.71%
 131  QXN54403.1                                    14.49%    passed     79.16%
 132  QXN54404.1                                    14.84%    passed     67.54%
 133  MERC_ERR1719487_plass_67708                   21.91%    passed     44.35%
 134  OLP89887.1_fixed                              16.96%    passed     60.86%
 135  PRJNA379597-S16_NODE_311_gmes_4206            15.19%    passed     64.39%
 136  1KP_LLXJ_2042068_ERR2041020                   12.72%    passed     31.78%
 137  PRJDB4369_DN2329_c0_g1_i10                    13.78%    passed     46.90%
 138  Ga0392360_03109                               14.49%    failed      3.90%
 139  Ga0007756_11067693                            12.37%    passed     14.99%
 140  GILI01010992.1                                14.13%    passed     52.56%
 141  GILI01001652.1                                13.78%    passed      8.43%
 142  MATOU-v2.119411731_5                          17.31%    passed     77.93%
 143  Ga0170791_133102851                           14.49%    failed      1.36%
 144  SAMEA2622336_1814029_ChR                      20.49%    passed      6.93%
 145  SAMEA2619952_516956_ChR                       17.67%    passed      9.36%
 146  SAMEA2621277_718384_SAMEA2621278_296705_ChR   13.43%    passed     84.90%
****  TOTAL                                         14.74%  8 sequences failed composition chi2 test (p-value<5%; df=19)
Checking for duplicate sequences: done in 0.000277348 secs using 935.3% CPU


Create initial parsimony tree by phylogenetic likelihood library (PLL)... 0.040 seconds
Perform fast likelihood tree search using LG+I+G model...
Estimate model parameters (epsilon = 5.000)
Perform nearest neighbor interchange...
Optimizing NNI: done in 1.02374 secs using 396.2% CPU
Estimate model parameters (epsilon = 1.000)
1. Initial log-likelihood: -51755.868
Optimal log-likelihood: -51755.284
Proportion of invariable sites: 0.007
Gamma shape alpha: 1.600
Parameters optimization took 1 rounds (0.259 sec)
Time for fast ML tree search: 2.059 seconds

NOTE: ModelFinder requires 69 MB RAM!
ModelFinder will test up to 1232 protein models (sample size: 283) ...
 No. Model         -LnL         df  AIC          AICc         BIC
  1  LG            53093.945    289 106765.891   274385.891   107819.425
  2  LG+I          53004.114    290 106588.228   275368.228   107645.408
  3  LG+G4         51774.039    290 104128.078   272908.078   105185.257
  4  LG+I+G4       51755.229    291 104092.458   274036.458   105153.283
  5  LG+R2         52056.952    291 104695.904   274639.904   105756.729
  6  LG+R3         51848.501    293 104283.002   276567.002   105351.118
  7  LG+R4         51729.153    295 104048.306   278688.306   105123.713
  8  LG+R5         51709.975    297 104013.950   281025.950   105096.647
  9  LG+R6         51695.023    299 103988.046   283388.046   105078.035
 10  LG+R7         51689.046    301 103980.091   285784.091   105077.371
 11  LG+R8         51687.397    303 103980.794   288204.794   105085.365
 14  LG+I+I+R2     52008.351    292 104600.701   275712.701   105665.172
 15  LG+I+I+R3     51831.461    294 104250.921   277710.921   105322.683
 16  LG+I+I+R4     51713.059    296 104018.119   279842.119   105097.171
 17  LG+I+I+R5     51702.449    298 104000.898   282204.898   105087.242
 18  LG+I+I+R6     51686.770    300 103973.540   284573.540   105067.174
 19  LG+I+I+R7     51684.105    302 103972.210   286984.210   105073.135
 40  LG+F+I+I+R6   51231.900    319 103101.800   307261.800   104264.698
 41  LG+F+I+I+R7   51231.168    321 103104.335   309828.335   104274.524
 62  WAG+I+I+R6    52227.301    300 105054.601   285654.601   106148.236
 63  WAG+I+I+R7    52224.622    302 105053.243   288065.243   106154.168
 84  WAG+F+I+I+R6  51575.231    319 103788.463   307948.463   104951.360
 85  WAG+F+I+I+R7  51574.748    321 103791.496   310515.496   104961.685
106  JTT+I+I+R6    52708.328    300 106016.655   286616.655   107110.289
107  JTT+I+I+R7    52704.681    302 106013.362   289025.362   107114.287
128  JTT+F+I+I+R6  52029.176    319 104696.351   308856.351   105859.249
129  JTT+F+I+I+R7  52026.651    321 104695.302   311419.302   105865.490
WARNING: Normalizing state frequencies so that sum of them equals to 1
150  Q.pfam+I+I+R6 51680.813    300 103961.626   284561.626   105055.260
WARNING: Normalizing state frequencies so that sum of them equals to 1
151  Q.pfam+I+I+R7 51678.787    302 103961.573   286973.573   105062.498
WARNING: Normalizing state frequencies so that sum of them equals to 1
172  Q.pfam+F+I+I+R6 51289.325    319 103216.651   307376.651   104379.548
WARNING: Normalizing state frequencies so that sum of them equals to 1
173  Q.pfam+F+I+I+R7 51287.664    321 103217.328   309941.328   104387.517
WARNING: Normalizing state frequencies so that sum of them equals to 1
194  Q.bird+I+I+R6 53900.944    300 108401.888   289001.888   109495.522
WARNING: Normalizing state frequencies so that sum of them equals to 1
195  Q.bird+I+I+R7 53897.336    302 108398.673   291410.673   109499.598
WARNING: Normalizing state frequencies so that sum of them equals to 1
216  Q.bird+F+I+I+R6 53293.340    319 107224.680   311384.680   108387.577
WARNING: Normalizing state frequencies so that sum of them equals to 1
217  Q.bird+F+I+I+R7 53292.988    321 107227.976   313951.976   108398.164
WARNING: Normalizing state frequencies so that sum of them equals to 1
238  Q.mammal+I+I+R6 53485.505    300 107571.010   288171.010   108664.644
WARNING: Normalizing state frequencies so that sum of them equals to 1
239  Q.mammal+I+I+R7 53482.225    302 107568.450   290580.450   108669.375
WARNING: Normalizing state frequencies so that sum of them equals to 1
260  Q.mammal+F+I+I+R6 52819.416    319 106276.833   310436.833   107439.730
WARNING: Normalizing state frequencies so that sum of them equals to 1
261  Q.mammal+F+I+I+R7 52818.995    321 106279.991   313003.991   107450.179
282  Q.insect+I+I+R6 52078.753    300 104757.507   285357.507   105851.141
283  Q.insect+I+I+R7 52075.018    302 104754.036   287766.036   105854.961
304  Q.insect+F+I+I+R6 51526.362    319 103690.725   307850.725   104853.622
305  Q.insect+F+I+I+R7 51525.799    321 103693.597   310417.597   104863.786
WARNING: Normalizing state frequencies so that sum of them equals to 1
326  Q.plant+I+I+R6 52673.290    300 105946.581   286546.581   107040.215
WARNING: Normalizing state frequencies so that sum of them equals to 1
327  Q.plant+I+I+R7 52667.183    302 105938.366   288950.366   107039.291
WARNING: Normalizing state frequencies so that sum of them equals to 1
348  Q.plant+F+I+I+R6 52176.170    319 104990.339   309150.339   106153.237
WARNING: Normalizing state frequencies so that sum of them equals to 1
349  Q.plant+F+I+I+R7 52172.656    321 104987.313   311711.313   106157.501
WARNING: Normalizing state frequencies so that sum of them equals to 1
370  Q.yeast+I+I+R6 52085.774    300 104771.547   285371.547   105865.181
WARNING: Normalizing state frequencies so that sum of them equals to 1
371  Q.yeast+I+I+R7 52081.288    302 104766.575   287778.575   105867.500
WARNING: Normalizing state frequencies so that sum of them equals to 1
392  Q.yeast+F+I+I+R6 51308.693    319 103255.387   307415.387   104418.284
WARNING: Normalizing state frequencies so that sum of them equals to 1
393  Q.yeast+F+I+I+R7 51305.890    321 103253.780   309977.780   104423.968
414  JTTDCMut+I+I+R6 52701.011    300 106002.023   286602.023   107095.657
415  JTTDCMut+I+I+R7 52697.411    302 105998.823   289010.823   107099.748
436  JTTDCMut+F+I+I+R6 52018.077    319 104674.154   308834.154   105837.052
437  JTTDCMut+F+I+I+R7 52015.070    321 104672.141   311396.141   105842.329
458  DCMut+I+I+R6  53276.258    300 107152.517   287752.517   108246.151
459  DCMut+I+I+R7  53270.425    302 107144.849   290156.849   108245.774
480  DCMut+F+I+I+R6 52197.073    319 105032.146   309192.146   106195.044
481  DCMut+F+I+I+R7 52190.807    321 105023.615   311747.615   106193.803
502  VT+I+I+R6     52231.841    300 105063.681   285663.681   106157.315
503  VT+I+I+R7     52229.976    302 105063.952   288075.952   106164.877
524  VT+F+I+I+R6   51584.061    319 103806.123   307966.123   104969.020
525  VT+F+I+I+R7   51583.477    321 103808.955   310532.955   104979.143
546  PMB+I+I+R6    52064.434    300 104728.868   285328.868   105822.502
547  PMB+I+I+R7    52064.542    302 104733.085   287745.085   105834.010
568  PMB+F+I+I+R6  51813.443    319 104264.885   308424.885   105427.783
569  PMB+F+I+I+R7  51812.773    321 104267.545   310991.545   105437.733
590  Blosum62+I+I+R6 52043.325    300 104686.651   285286.651   105780.285
591  Blosum62+I+I+R7 52043.318    302 104690.637   287702.637   105791.562
612  Blosum62+F+I+I+R6 51706.579    319 104051.158   308211.158   105214.055
613  Blosum62+F+I+I+R7 51705.867    321 104053.735   310777.735   105223.923
634  Dayhoff+I+I+R6 53278.029    300 107156.058   287756.058   108249.692
635  Dayhoff+I+I+R7 53272.078    302 107148.155   290160.155   108249.080
656  Dayhoff+F+I+I+R6 52197.592    319 105033.184   309193.184   106196.081
657  Dayhoff+F+I+I+R7 52191.306    321 105024.612   311748.612   106194.801
678  mtREV+I+I+R6  54045.599    300 108691.198   289291.198   109784.832
679  mtREV+I+I+R7  54044.165    302 108692.330   291704.330   109793.255
700  mtREV+F+I+I+R6 52571.932    319 105781.864   309941.864   106944.761
701  mtREV+F+I+I+R7 52568.345    321 105778.691   312502.691   106948.879
722  mtART+I+I+R6  53323.345    300 107246.690   287846.690   108340.324
723  mtART+I+I+R7  53321.424    302 107246.848   290258.848   108347.773
744  mtART+F+I+I+R6 52409.799    319 105457.598   309617.598   106620.496
745  mtART+F+I+I+R7 52402.645    321 105447.289   312171.289   106617.478
766  mtZOA+I+I+R6  52271.279    300 105142.558   285742.558   106236.192
767  mtZOA+I+I+R7  52270.375    302 105144.749   288156.749   106245.674
788  mtZOA+F+I+I+R6 51763.248    319 104164.495   308324.495   105327.393
789  mtZOA+F+I+I+R7 51759.771    321 104161.542   310885.542   105331.731
810  mtMet+I+I+R6  53365.709    300 107331.418   287931.418   108425.052
811  mtMet+I+I+R7  53364.908    302 107333.817   290345.817   108434.742
832  mtMet+F+I+I+R6 52225.633    319 105089.265   309249.265   106252.163
833  mtMet+F+I+I+R7 52223.588    321 105089.176   311813.176   106259.364
854  mtVer+I+I+R6  54629.934    300 109859.867   290459.867   110953.501
855  mtVer+I+I+R7  54626.964    302 109857.929   292869.929   110958.854
876  mtVer+F+I+I+R6 53249.343    319 107136.686   311296.686   108299.583
877  mtVer+F+I+I+R7 53248.741    321 107139.482   313863.482   108309.670
898  mtInv+I+I+R6  53294.774    300 107189.548   287789.548   108283.182
899  mtInv+I+I+R7  53294.114    302 107192.227   290204.227   108293.152
920  mtInv+F+I+I+R6 51729.303    319 104096.605   308256.605   105259.503
921  mtInv+F+I+I+R7 51727.100    321 104096.200   310820.200   105266.388
942  mtMAM+I+I+R6  55384.526    300 111369.053   291969.053   112462.687
943  mtMAM+I+I+R7  55377.588    302 111359.176   294371.176   112460.101
964  mtMAM+F+I+I+R6 53989.215    319 108616.431   312776.431   109779.328
965  mtMAM+F+I+I+R7 53981.530    321 108605.060   315329.060   109775.248
WARNING: Normalizing state frequencies so that sum of them equals to 1
986  FLAVI+I+I+R6  55102.632    300 110805.263   291405.263   111898.897
WARNING: Normalizing state frequencies so that sum of them equals to 1
987  FLAVI+I+I+R7  55096.014    302 110796.028   293808.028   111896.953
WARNING: Normalizing state frequencies so that sum of them equals to 1
1008  FLAVI+F+I+I+R6 54558.273    319 109754.547   313914.547   110917.444
WARNING: Normalizing state frequencies so that sum of them equals to 1
1009  FLAVI+F+I+I+R7 54553.996    321 109749.992   316473.992   110920.180
1030  HIVb+I+I+R6   54206.870    300 109013.741   289613.741   110107.375
1031  HIVb+I+I+R7   54204.299    302 109012.598   292024.598   110113.523
1052  HIVb+F+I+I+R6 53401.538    319 107441.076   311601.076   108603.974
1053  HIVb+F+I+I+R7 53399.717    321 107441.433   314165.433   108611.622
1074  HIVw+I+I+R6   57365.173    300 115330.347   295930.347   116423.981
1075  HIVw+I+I+R7   57332.908    302 115269.816   298281.816   116370.741
1096  HIVw+F+I+I+R6 55289.689    319 111217.378   315377.378   112380.276
1097  HIVw+F+I+I+R7 55287.936    321 111217.872   317941.872   112388.060
1118  FLU+I+I+R6    54239.363    300 109078.726   289678.726   110172.360
1119  FLU+I+I+R7    54237.143    302 109078.286   292090.286   110179.211
1140  FLU+F+I+I+R6  53250.423    319 107138.846   311298.846   108301.743
1141  FLU+F+I+I+R7  53246.685    321 107135.370   313859.370   108305.559
1162  rtREV+I+I+R6  52385.513    300 105371.025   285971.025   106464.659
1163  rtREV+I+I+R7  52383.160    302 105370.321   288382.321   106471.246
1184  rtREV+F+I+I+R6 51508.140    319 103654.279   307814.279   104817.177
1185  rtREV+F+I+I+R7 51506.448    321 103654.896   310378.896   104825.084
1206  cpREV+I+I+R6  52553.086    300 105706.173   286306.173   106799.807
1207  cpREV+I+I+R7  52547.547    302 105699.093   288711.093   106800.018
1228  cpREV+F+I+I+R6 51818.476    319 104274.952   308434.952   105437.849
1229  cpREV+F+I+I+R7 51814.420    321 104270.839   310994.839   105441.028
Akaike Information Criterion:           LG+F+I+I+R6
Corrected Akaike Information Criterion: LG+G4
Bayesian Information Criterion:         LG+F+I+I+R6
Best-fit model: LG+F+I+I+R6 chosen according to BIC

All model information printed to analysis/fun/iqtree.model.gz
CPU time for ModelFinder: 2411.727 seconds (0h:40m:11s)
Wall-clock time for ModelFinder: 603.951 seconds (0h:10m:3s)
Generating 1000 samples for ultrafast bootstrap (seed: 123)...

NOTE: 42 MB RAM (0 GB) is required!
Estimate model parameters (epsilon = 0.100)
1. Initial log-likelihood: -51231.900
Optimal log-likelihood: -51231.899
Proportion of invariable sites: 0.008
Site proportion and rates:  (0.044,0.116) (0.079,0.303) (0.246,0.511) (0.258,0.899) (0.272,1.411) (0.094,2.439)
Parameters optimization took 1 rounds (0.787 sec)
Wrote distance file to... 
Computing ML distances based on estimated model parameters...
Calculating distance matrix: done in 1.37305 secs using 400% CPU
Computing ML distances took 1.373175 sec (of wall-clock time) 5.492987 sec (of CPU time)
WARNING: Some pairwise ML distances are too long (saturated)
Setting up auxiliary I and S matrices: done in 0.000607431 secs using 307.9% CPU
Constructing RapidNJ tree: done in 0.0382859 secs using 150.9% CPU
Computing RapidNJ tree took 0.039031 sec (of wall-clock time) 0.060146 sec (of CPU time)
Log-likelihood of RapidNJ tree: -51413.192
--------------------------------------------------------------------
|             INITIALIZING CANDIDATE TREE SET                      |
--------------------------------------------------------------------
Generating 98 parsimony trees... 4.444 second
Computing log-likelihood of 98 initial trees ... 8.566 seconds
Current best score: -51231.899

Do NNI search on 20 best initial trees
Optimizing NNI: done in 0.691751 secs using 399.5% CPU
Estimate model parameters (epsilon = 0.100)
BETTER TREE FOUND at iteration 1: -51229.874
Optimizing NNI: done in 2.09452 secs using 398.3% CPU
Estimate model parameters (epsilon = 0.100)
BETTER TREE FOUND at iteration 2: -51211.692
Optimizing NNI: done in 1.94402 secs using 398.8% CPU
Optimizing NNI: done in 2.04784 secs using 399.2% CPU
Optimizing NNI: done in 1.72833 secs using 399.2% CPU
Optimizing NNI: done in 1.72459 secs using 397.3% CPU
Optimizing NNI: done in 1.41965 secs using 398.1% CPU
Optimizing NNI: done in 1.66851 secs using 398.9% CPU
Optimizing NNI: done in 1.6278 secs using 397.8% CPU
Optimizing NNI: done in 2.37786 secs using 398.9% CPU
Iteration 10 / LogL: -51217.759 / Time: 0h:0m:37s
Optimizing NNI: done in 1.59157 secs using 398.8% CPU
Optimizing NNI: done in 1.7078 secs using 398.6% CPU
Optimizing NNI: done in 1.76319 secs using 399.2% CPU
Optimizing NNI: done in 1.57204 secs using 398.2% CPU
Optimizing NNI: done in 2.25728 secs using 398.6% CPU
Optimizing NNI: done in 1.81938 secs using 398.8% CPU
Optimizing NNI: done in 1.75326 secs using 399.3% CPU
Optimizing NNI: done in 1.40888 secs using 399% CPU
Optimizing NNI: done in 1.86351 secs using 397.5% CPU
Optimizing NNI: done in 1.57797 secs using 398.9% CPU
Iteration 20 / LogL: -51228.712 / Time: 0h:0m:54s
Finish initializing candidate tree set (20)
Current best tree score: -51211.692 / CPU time: 51.742
Number of iterations: 20
--------------------------------------------------------------------
|               OPTIMIZING CANDIDATE TREE SET                      |
--------------------------------------------------------------------
Optimizing NNI: done in 1.8233 secs using 398.6% CPU
Optimizing NNI: done in 2.35889 secs using 398.8% CPU
Estimate model parameters (epsilon = 0.100)
BETTER TREE FOUND at iteration 22: -51210.997
Optimizing NNI: done in 1.77659 secs using 398.3% CPU
Optimizing NNI: done in 1.8988 secs using 397.9% CPU
Optimizing NNI: done in 1.89698 secs using 399.2% CPU
Optimizing NNI: done in 2.35883 secs using 398.3% CPU
Optimizing NNI: done in 2.0835 secs using 398.1% CPU
Optimizing NNI: done in 1.82279 secs using 398.6% CPU
Optimizing NNI: done in 2.28697 secs using 397.7% CPU
Optimizing NNI: done in 2.39504 secs using 398.8% CPU
Iteration 30 / LogL: -51220.738 / Time: 0h:1m:17s (0h:4m:4s left)
Optimizing NNI: done in 1.80689 secs using 398% CPU
Optimizing NNI: done in 1.83913 secs using 398.8% CPU
Optimizing NNI: done in 1.67382 secs using 397.5% CPU
Estimate model parameters (epsilon = 0.100)
BETTER TREE FOUND at iteration 33: -51209.379
Optimizing NNI: done in 2.08255 secs using 399% CPU
Optimizing NNI: done in 1.66209 secs using 399.1% CPU
Optimizing NNI: done in 1.88374 secs using 398.3% CPU
Optimizing NNI: done in 1.91495 secs using 399.3% CPU
Optimizing NNI: done in 1.42045 secs using 398.5% CPU
Optimizing NNI: done in 1.8884 secs using 398.7% CPU
Optimizing NNI: done in 1.85344 secs using 397.6% CPU
Iteration 40 / LogL: -51224.571 / Time: 0h:1m:37s (0h:3m:51s left)
Optimizing NNI: done in 1.91534 secs using 397.8% CPU
Optimizing NNI: done in 1.81493 secs using 399.3% CPU
Optimizing NNI: done in 2.27793 secs using 399% CPU
Optimizing NNI: done in 1.46729 secs using 398% CPU
Optimizing NNI: done in 2.14181 secs using 398.8% CPU
Optimizing NNI: done in 1.68005 secs using 398.6% CPU
Optimizing NNI: done in 1.70093 secs using 398.4% CPU
Optimizing NNI: done in 1.71779 secs using 399% CPU
Optimizing NNI: done in 1.63937 secs using 398.4% CPU
Estimate model parameters (epsilon = 0.100)
BETTER TREE FOUND at iteration 49: -51208.704
Optimizing NNI: done in 1.88379 secs using 398.1% CPU
Iteration 50 / LogL: -51255.220 / Time: 0h:1m:56s (0h:3m:55s left)
Log-likelihood cutoff on original alignment: -51269.777
Optimizing NNI: done in 1.6462 secs using 398.4% CPU
Optimizing NNI: done in 1.60906 secs using 399% CPU
Optimizing NNI: done in 1.8148 secs using 397.8% CPU
Optimizing NNI: done in 1.97379 secs using 398.5% CPU
Optimizing NNI: done in 1.96505 secs using 399% CPU
Optimizing NNI: done in 2.0309 secs using 398.6% CPU
Optimizing NNI: done in 1.68507 secs using 398.1% CPU
Optimizing NNI: done in 1.98174 secs using 398.3% CPU
Optimizing NNI: done in 1.57762 secs using 398.2% CPU
Optimizing NNI: done in 2.13219 secs using 398.1% CPU
Iteration 60 / LogL: -51210.045 / Time: 0h:2m:15s (0h:3m:24s left)
Optimizing NNI: done in 1.9701 secs using 398.7% CPU
Optimizing NNI: done in 1.47941 secs using 398.7% CPU
Optimizing NNI: done in 1.61853 secs using 398.5% CPU
Estimate model parameters (epsilon = 0.100)
BETTER TREE FOUND at iteration 63: -51205.471
Optimizing NNI: done in 2.20332 secs using 399.2% CPU
Optimizing NNI: done in 1.4566 secs using 398.2% CPU
Optimizing NNI: done in 1.8189 secs using 399.1% CPU
Optimizing NNI: done in 1.53113 secs using 399.1% CPU
Optimizing NNI: done in 1.67585 secs using 398.6% CPU
Optimizing NNI: done in 1.42775 secs using 398.9% CPU
Estimate model parameters (epsilon = 0.100)
BETTER TREE FOUND at iteration 69: -51205.080
Optimizing NNI: done in 1.52374 secs using 398.2% CPU
Iteration 70 / LogL: -51221.377 / Time: 0h:2m:34s (0h:3m:41s left)
Optimizing NNI: done in 1.94727 secs using 398.5% CPU
Optimizing NNI: done in 1.58665 secs using 399.2% CPU
Optimizing NNI: done in 1.66011 secs using 399.2% CPU
Optimizing NNI: done in 1.78579 secs using 397.9% CPU
Optimizing NNI: done in 1.58048 secs using 398.9% CPU
Optimizing NNI: done in 2.35918 secs using 398.2% CPU
Optimizing NNI: done in 1.58297 secs using 398.7% CPU
Optimizing NNI: done in 2.26871 secs using 398.5% CPU
Optimizing NNI: done in 1.64193 secs using 398.7% CPU
Optimizing NNI: done in 1.77096 secs using 398.1% CPU
Iteration 80 / LogL: -51207.026 / Time: 0h:2m:52s (0h:3m:14s left)
Optimizing NNI: done in 1.96717 secs using 399.1% CPU
Optimizing NNI: done in 2.11326 secs using 398.7% CPU
Optimizing NNI: done in 1.84183 secs using 398.2% CPU
Optimizing NNI: done in 1.63966 secs using 397.1% CPU
Optimizing NNI: done in 2.09392 secs using 397.8% CPU
Optimizing NNI: done in 1.6237 secs using 399.1% CPU
Optimizing NNI: done in 1.65644 secs using 400.1% CPU
Optimizing NNI: done in 1.69147 secs using 397% CPU
Optimizing NNI: done in 1.72813 secs using 398.6% CPU
Optimizing NNI: done in 1.72486 secs using 397.8% CPU
Iteration 90 / LogL: -51217.806 / Time: 0h:3m:11s (0h:2m:49s left)
Optimizing NNI: done in 1.57236 secs using 398.6% CPU
Optimizing NNI: done in 1.86294 secs using 399.1% CPU
Optimizing NNI: done in 1.59571 secs using 398.3% CPU
Optimizing NNI: done in 1.84643 secs using 399.2% CPU
Optimizing NNI: done in 1.58955 secs using 397.9% CPU
Optimizing NNI: done in 1.91606 secs using 398.9% CPU
Optimizing NNI: done in 1.66174 secs using 398.5% CPU
Optimizing NNI: done in 2.04666 secs using 398.2% CPU
Optimizing NNI: done in 1.76999 secs using 399.4% CPU
Optimizing NNI: done in 1.95647 secs using 398.3% CPU
Iteration 100 / LogL: -51251.146 / Time: 0h:3m:29s (0h:2m:25s left)
Log-likelihood cutoff on original alignment: -51269.777
NOTE: Bootstrap correlation coefficient of split occurrence frequencies: 0.988
NOTE: UFBoot does not converge, continue at least 100 more iterations
Optimizing NNI: done in 2.21117 secs using 398.6% CPU
Optimizing NNI: done in 1.72993 secs using 399.9% CPU
Optimizing NNI: done in 1.68109 secs using 398.6% CPU
Optimizing NNI: done in 2.05671 secs using 399.1% CPU
Optimizing NNI: done in 1.92536 secs using 398.5% CPU
Optimizing NNI: done in 1.63422 secs using 399.1% CPU
Optimizing NNI: done in 2.05954 secs using 398.1% CPU
Optimizing NNI: done in 2.08956 secs using 397.1% CPU
Optimizing NNI: done in 1.70272 secs using 398.8% CPU
Estimate model parameters (epsilon = 0.100)
BETTER TREE FOUND at iteration 109: -51204.375
Optimizing NNI: done in 1.99312 secs using 398.4% CPU
Iteration 110 / LogL: -51205.441 / Time: 0h:3m:50s (0h:3m:28s left)
Optimizing NNI: done in 1.63407 secs using 398.4% CPU
Optimizing NNI: done in 1.70503 secs using 398.6% CPU
Optimizing NNI: done in 1.72459 secs using 398.5% CPU
Optimizing NNI: done in 1.74371 secs using 398.7% CPU
Optimizing NNI: done in 2.03164 secs using 398.3% CPU
Optimizing NNI: done in 1.90911 secs using 398.6% CPU
Optimizing NNI: done in 2.22234 secs using 398.2% CPU
Optimizing NNI: done in 1.50905 secs using 399.2% CPU
Optimizing NNI: done in 1.45189 secs using 398.1% CPU
Estimate model parameters (epsilon = 0.100)
BETTER TREE FOUND at iteration 119: -51203.712
Optimizing NNI: done in 1.72166 secs using 397.6% CPU
Iteration 120 / LogL: -51206.099 / Time: 0h:4m:9s (0h:3m:27s left)
Optimizing NNI: done in 1.53331 secs using 399.5% CPU
Optimizing NNI: done in 1.66541 secs using 398.8% CPU
Optimizing NNI: done in 1.45198 secs using 398.9% CPU
Optimizing NNI: done in 1.74555 secs using 397.9% CPU
Optimizing NNI: done in 1.64632 secs using 399.3% CPU
Optimizing NNI: done in 1.62514 secs using 398.5% CPU
Optimizing NNI: done in 1.95204 secs using 398.3% CPU
Optimizing NNI: done in 2.37589 secs using 398.8% CPU
Optimizing NNI: done in 1.83149 secs using 397.9% CPU
Optimizing NNI: done in 1.66008 secs using 398.5% CPU
Iteration 130 / LogL: -51204.965 / Time: 0h:4m:27s (0h:3m:4s left)
Optimizing NNI: done in 1.48269 secs using 398.4% CPU
Optimizing NNI: done in 1.78081 secs using 399.2% CPU
Optimizing NNI: done in 2.0924 secs using 399% CPU
Optimizing NNI: done in 1.64605 secs using 397.2% CPU
Optimizing NNI: done in 2.15171 secs using 399.3% CPU
Optimizing NNI: done in 1.55065 secs using 397.7% CPU
Optimizing NNI: done in 1.78604 secs using 399% CPU
Optimizing NNI: done in 1.76443 secs using 398.8% CPU
Optimizing NNI: done in 1.67839 secs using 398.6% CPU
Optimizing NNI: done in 1.65456 secs using 397.6% CPU
Iteration 140 / LogL: -51228.076 / Time: 0h:4m:45s (0h:2m:42s left)
Optimizing NNI: done in 1.84985 secs using 397.7% CPU
Optimizing NNI: done in 1.74615 secs using 398.9% CPU
Optimizing NNI: done in 1.53441 secs using 398.5% CPU
Optimizing NNI: done in 1.79407 secs using 397.4% CPU
Optimizing NNI: done in 1.71124 secs using 399.4% CPU
Optimizing NNI: done in 1.94887 secs using 398.6% CPU
Optimizing NNI: done in 1.61974 secs using 399.3% CPU
Optimizing NNI: done in 1.96046 secs using 397.7% CPU
Optimizing NNI: done in 1.85703 secs using 399.2% CPU
Optimizing NNI: done in 1.88748 secs using 399% CPU
Iteration 150 / LogL: -51205.577 / Time: 0h:5m:3s (0h:2m:20s left)
Log-likelihood cutoff on original alignment: -51269.777
Optimizing NNI: done in 1.78144 secs using 398.2% CPU
Optimizing NNI: done in 1.79403 secs using 399.4% CPU
Optimizing NNI: done in 1.79576 secs using 398% CPU
Optimizing NNI: done in 1.75744 secs using 398.4% CPU
Optimizing NNI: done in 1.86258 secs using 398.1% CPU
Optimizing NNI: done in 1.77474 secs using 398.9% CPU
Optimizing NNI: done in 2.12515 secs using 398.5% CPU
Optimizing NNI: done in 1.56197 secs using 399.6% CPU
Optimizing NNI: done in 2.14283 secs using 399.6% CPU
Optimizing NNI: done in 1.57001 secs using 397.3% CPU
Iteration 160 / LogL: -51212.444 / Time: 0h:5m:22s (0h:1m:59s left)
Optimizing NNI: done in 1.70498 secs using 398.2% CPU
Optimizing NNI: done in 1.75437 secs using 396.6% CPU
Optimizing NNI: done in 1.91233 secs using 398% CPU
Optimizing NNI: done in 1.72759 secs using 398% CPU
Optimizing NNI: done in 1.9892 secs using 398% CPU
Optimizing NNI: done in 1.82908 secs using 398.5% CPU
Optimizing NNI: done in 1.39727 secs using 397.7% CPU
Optimizing NNI: done in 1.95956 secs using 399.2% CPU
Optimizing NNI: done in 1.92726 secs using 398.4% CPU
Optimizing NNI: done in 1.62771 secs using 398.6% CPU
Iteration 170 / LogL: -51204.230 / Time: 0h:5m:40s (0h:1m:38s left)
Optimizing NNI: done in 1.54595 secs using 398.1% CPU
Optimizing NNI: done in 1.75383 secs using 398.1% CPU
Optimizing NNI: done in 1.84639 secs using 397.4% CPU
Optimizing NNI: done in 1.69433 secs using 398.4% CPU
Optimizing NNI: done in 1.53758 secs using 398.1% CPU
Optimizing NNI: done in 1.8105 secs using 398.9% CPU
Optimizing NNI: done in 1.75639 secs using 399% CPU
Optimizing NNI: done in 1.88469 secs using 398.8% CPU
Optimizing NNI: done in 1.48694 secs using 397% CPU
Optimizing NNI: done in 1.85103 secs using 397.8% CPU
Iteration 180 / LogL: -51208.030 / Time: 0h:5m:57s (0h:1m:17s left)
Optimizing NNI: done in 1.89529 secs using 398.6% CPU
Optimizing NNI: done in 1.74769 secs using 398.7% CPU
Optimizing NNI: done in 1.74701 secs using 397.9% CPU
Optimizing NNI: done in 2.0324 secs using 398.1% CPU
Optimizing NNI: done in 1.56835 secs using 399.7% CPU
Optimizing NNI: done in 2.04331 secs using 397.5% CPU
Optimizing NNI: done in 1.42841 secs using 397.7% CPU
Optimizing NNI: done in 1.3788 secs using 398.8% CPU
Optimizing NNI: done in 1.75401 secs using 398.3% CPU
Optimizing NNI: done in 1.8049 secs using 399.2% CPU
Iteration 190 / LogL: -51204.969 / Time: 0h:6m:15s (0h:0m:57s left)
Optimizing NNI: done in 2.04605 secs using 398.9% CPU
Optimizing NNI: done in 1.94676 secs using 398.5% CPU
Optimizing NNI: done in 1.88919 secs using 399.4% CPU
Optimizing NNI: done in 1.95087 secs using 399.1% CPU
Optimizing NNI: done in 1.82098 secs using 398.9% CPU
Optimizing NNI: done in 2.10725 secs using 399.1% CPU
Optimizing NNI: done in 1.66303 secs using 398.7% CPU
Optimizing NNI: done in 1.61043 secs using 397.3% CPU
Optimizing NNI: done in 1.48643 secs using 399% CPU
Optimizing NNI: done in 1.50209 secs using 398.5% CPU
Iteration 200 / LogL: -51209.905 / Time: 0h:6m:33s (0h:0m:37s left)
Log-likelihood cutoff on original alignment: -51269.777
NOTE: Bootstrap correlation coefficient of split occurrence frequencies: 0.997
Optimizing NNI: done in 1.61764 secs using 398.4% CPU
Optimizing NNI: done in 1.65593 secs using 398.8% CPU
Optimizing NNI: done in 1.87942 secs using 398.8% CPU
Optimizing NNI: done in 1.53556 secs using 399.3% CPU
Optimizing NNI: done in 1.52359 secs using 399.5% CPU
Optimizing NNI: done in 1.62028 secs using 397.5% CPU
Optimizing NNI: done in 1.73254 secs using 398.7% CPU
Optimizing NNI: done in 1.78578 secs using 400.1% CPU
Optimizing NNI: done in 1.82763 secs using 398.3% CPU
Optimizing NNI: done in 1.62275 secs using 397.3% CPU
Iteration 210 / LogL: -51205.719 / Time: 0h:6m:51s (0h:2m:57s left)
Optimizing NNI: done in 1.84178 secs using 398% CPU
Optimizing NNI: done in 1.91648 secs using 398.9% CPU
Optimizing NNI: done in 1.65746 secs using 398.3% CPU
Optimizing NNI: done in 2.01382 secs using 398.9% CPU
Optimizing NNI: done in 1.48005 secs using 399.4% CPU
Optimizing NNI: done in 2.05403 secs using 397.4% CPU
Optimizing NNI: done in 1.8674 secs using 396.9% CPU
Optimizing NNI: done in 1.7485 secs using 399% CPU
Optimizing NNI: done in 1.53713 secs using 397.7% CPU
Optimizing NNI: done in 1.70123 secs using 398.6% CPU
Iteration 220 / LogL: -51205.135 / Time: 0h:7m:9s (0h:2m:36s left)
TREE SEARCH COMPLETED AFTER 220 ITERATIONS / Time: 0h:7m:9s

--------------------------------------------------------------------
|                    FINALIZING TREE SEARCH                        |
--------------------------------------------------------------------
Performs final model parameters optimization
Estimate model parameters (epsilon = 0.010)
1. Initial log-likelihood: -51203.712
Optimal log-likelihood: -51203.705
Proportion of invariable sites: 0.008
Site proportion and rates:  (0.051,0.130) (0.092,0.339) (0.215,0.520) (0.262,0.882) (0.280,1.418) (0.091,2.436)
Parameters optimization took 1 rounds (0.883 sec)
BEST SCORE FOUND : -51203.705
Creating bootstrap support values...
Split supports printed to NEXUS file analysis/fun/iqtree.splits.nex
Total tree length: 98.217

Total number of iterations: 220
CPU time used for tree search: 1678.160 sec (0h:27m:58s)
Wall-clock time used for tree search: 426.233 sec (0h:7m:6s)
Total CPU time used: 1694.294 sec (0h:28m:14s)
Total wall-clock time used: 430.537 sec (0h:7m:10s)

Computing bootstrap consensus tree...
Reading input file analysis/fun/iqtree.splits.nex...
146 taxa and 631 splits.
Consensus tree written to analysis/fun/iqtree.contree
Reading input trees file analysis/fun/iqtree.contree
Log-likelihood of consensus tree: -51205.501

Analysis results written to: 
  IQ-TREE report:                analysis/fun/iqtree.iqtree
  Maximum-likelihood tree:       analysis/fun/iqtree.treefile
  Likelihood distances:          analysis/fun/iqtree.mldist

Ultrafast bootstrap approximation results written to:
  Split support values:          analysis/fun/iqtree.splits.nex
  Consensus tree:                analysis/fun/iqtree.contree
  Screen log file:               analysis/fun/iqtree.log

ALISIM COMMAND
--------------
--alisim simulated_MSA -t analysis/fun/iqtree.treefile -m "LG+F+I{0.00770743}+R6{0.0512496,0.129995,0.0923389,0.338718,0.215253,0.520116,0.262313,0.881709,0.280155,1.41757,0.0909837,2.43649}" --length 283

Date and Time: Mon Apr  3 13:06:35 2023
